Build started 10/11/2014 19:30:37.
     1>Project "C:\DevEnv\ZorkOGL\ZorkOGL\ZorkOGL.vcxproj" on node 2 (Build target(s)).
     1>ClCompile:
         C:\Program Files (x86)\Microsoft Visual Studio 11.0\VC\bin\CL.exe /c /I"C:\Program Files (x86)\Visual Leak Detector\include" /Zi /nologo /W3 /WX- /O2 /Oi /Oy- /GL /D WIN32 /D NDEBUG /D _WINDOWS /D _UNICODE /D UNICODE /Gm- /EHsc /MD /GS /Gy /fp:precise /Zc:wchar_t /Zc:forScope /Fo"Release\\" /Fd"Release\vc110.pdb" /Gd /TP /analyze- /errorReport:prompt Character.cpp Enemy.cpp Game.cpp GameObject.cpp GameRunner.cpp GUI.cpp InputListener.cpp InventoryItem.cpp Player.cpp Scene.cpp
         Character.cpp
     1>c:\devenv\zorkogl\zorkogl\GameObject.h(3): fatal error C1083: Cannot open include file: 'SDL_image.h': No such file or directory
         Enemy.cpp
     1>c:\devenv\zorkogl\zorkogl\GameObject.h(3): fatal error C1083: Cannot open include file: 'SDL_image.h': No such file or directory
         Game.cpp
     1>c:\devenv\zorkogl\zorkogl\GameObject.h(3): fatal error C1083: Cannot open include file: 'SDL_image.h': No such file or directory
         GameObject.cpp
     1>c:\devenv\zorkogl\zorkogl\GameObject.h(3): fatal error C1083: Cannot open include file: 'SDL_image.h': No such file or directory
         GameRunner.cpp
     1>c:\devenv\zorkogl\zorkogl\GameObject.h(3): fatal error C1083: Cannot open include file: 'SDL_image.h': No such file or directory
         GUI.cpp
     1>c:\devenv\zorkogl\zorkogl\GameObject.h(3): fatal error C1083: Cannot open include file: 'SDL_image.h': No such file or directory
         InputListener.cpp
     1>c:\devenv\zorkogl\zorkogl\GameObject.h(3): fatal error C1083: Cannot open include file: 'SDL_image.h': No such file or directory
         InventoryItem.cpp
     1>c:\devenv\zorkogl\zorkogl\GameObject.h(3): fatal error C1083: Cannot open include file: 'SDL_image.h': No such file or directory
         Player.cpp
     1>c:\devenv\zorkogl\zorkogl\GameObject.h(3): fatal error C1083: Cannot open include file: 'SDL_image.h': No such file or directory
         Scene.cpp
     1>c:\devenv\zorkogl\zorkogl\GameObject.h(3): fatal error C1083: Cannot open include file: 'SDL_image.h': No such file or directory
     1>Done Building Project "C:\DevEnv\ZorkOGL\ZorkOGL\ZorkOGL.vcxproj" (Build target(s)) -- FAILED.

Build FAILED.

Time Elapsed 00:00:01.16
